<?xml version="1.0" encoding="UTF-8"?>
<testng-results skipped="0" failed="2" ignored="0" total="2" passed="0">
  <reporter-output>
  </reporter-output>
  <suite name="Default suite" duration-ms="26876" started-at="2019-06-18T17:22:21Z" finished-at="2019-06-18T17:22:47Z">
    <groups>
    </groups>
    <test name="Default test" duration-ms="26876" started-at="2019-06-18T17:22:21Z" finished-at="2019-06-18T17:22:47Z">
      <class name="quotespage.AddQuote">
        <test-method status="PASS" signature="beforeSuite_ExtentReport()[pri:0, instance:quotespage.AddQuote@5bcab519]" name="beforeSuite_ExtentReport" is-config="true" duration-ms="1072" started-at="2019-06-18T19:22:12Z" finished-at="2019-06-18T19:22:13Z">
          <reporter-output>
          </reporter-output>
        </test-method> <!-- beforeSuite_ExtentReport -->
        <test-method status="PASS" signature="setUp()[pri:0, instance:quotespage.AddQuote@5bcab519]" name="setUp" is-config="true" duration-ms="7246" started-at="2019-06-18T19:22:13Z" depends-on-methods="base.TestBaseReport.beforeSuite_ExtentReport" finished-at="2019-06-18T19:22:21Z">
          <reporter-output>
          </reporter-output>
        </test-method> <!-- setUp -->
        <test-method status="PASS" signature="beforeClass_ExtentReport()[pri:0, instance:quotespage.AddQuote@5bcab519]" name="beforeClass_ExtentReport" is-config="true" duration-ms="14" started-at="2019-06-18T19:22:21Z" finished-at="2019-06-18T19:22:21Z">
          <reporter-output>
          </reporter-output>
        </test-method> <!-- beforeClass_ExtentReport -->
        <test-method status="PASS" signature="setUps()[pri:0, instance:quotespage.AddQuote@5bcab519]" name="setUps" is-config="true" duration-ms="6652" started-at="2019-06-18T19:22:21Z" finished-at="2019-06-18T19:22:27Z">
          <reporter-output>
          </reporter-output>
        </test-method> <!-- setUps -->
        <test-method status="PASS" signature="initClient_ExtentReport(java.lang.reflect.Method)[pri:0, instance:quotespage.AddQuote@5bcab519]" name="initClient_ExtentReport" is-config="true" duration-ms="4" started-at="2019-06-18T19:22:27Z" finished-at="2019-06-18T19:22:27Z">
          <params>
            <param index="0">
              <value>
                <![CDATA[public void quotespage.AddQuote.AddQuote_LessThan10Characters() throws java.lang.InterruptedException]]>
              </value>
            </param>
          </params>
          <reporter-output>
          </reporter-output>
        </test-method> <!-- initClient_ExtentReport -->
        <test-method status="PASS" signature="setUp(java.lang.reflect.Method)[pri:0, instance:quotespage.AddQuote@5bcab519]" name="setUp" is-config="true" duration-ms="270" started-at="2019-06-18T19:22:27Z" finished-at="2019-06-18T19:22:28Z">
          <params>
            <param index="0">
              <value>
                <![CDATA[public void quotespage.AddQuote.AddQuote_LessThan10Characters() throws java.lang.InterruptedException]]>
              </value>
            </param>
          </params>
          <reporter-output>
          </reporter-output>
        </test-method> <!-- setUp -->
        <test-method status="FAIL" signature="AddQuote_LessThan10Characters()[pri:1, instance:quotespage.AddQuote@5bcab519]" name="AddQuote_LessThan10Characters" duration-ms="8163" started-at="2019-06-18T19:22:28Z" finished-at="2019-06-18T19:22:36Z">
          <exception class="java.lang.AssertionError">
            <message>
              <![CDATA[expected [true] but found [false]]]>
            </message>
            <full-stacktrace>
              <![CDATA[java.lang.AssertionError: expected [true] but found [false]
	at org.testng.Assert.fail(Assert.java:94)
	at org.testng.Assert.failNotEquals(Assert.java:513)
	at org.testng.Assert.assertTrue(Assert.java:42)
	at org.testng.Assert.assertTrue(Assert.java:52)
	at quotespage.AddQuote.AddQuote_LengthofChar_Negative(AddQuote.java:117)
	at quotespage.AddQuote.AddQuote_LessThan10Characters(AddQuote.java:34)
	at sun.reflect.NativeMethodAccessorImpl.invoke0(Native Method)
	at sun.reflect.NativeMethodAccessorImpl.invoke(NativeMethodAccessorImpl.java:62)
	at sun.reflect.DelegatingMethodAccessorImpl.invoke(DelegatingMethodAccessorImpl.java:43)
	at java.lang.reflect.Method.invoke(Method.java:498)
	at org.testng.internal.MethodInvocationHelper.invokeMethod(MethodInvocationHelper.java:104)
	at org.testng.internal.Invoker.invokeMethod(Invoker.java:645)
	at org.testng.internal.Invoker.invokeTestMethod(Invoker.java:851)
	at org.testng.internal.Invoker.invokeTestMethods(Invoker.java:1177)
	at org.testng.internal.TestMethodWorker.invokeTestMethods(TestMethodWorker.java:129)
	at org.testng.internal.TestMethodWorker.run(TestMethodWorker.java:112)
	at org.testng.TestRunner.privateRun(TestRunner.java:756)
	at org.testng.TestRunner.run(TestRunner.java:610)
	at org.testng.SuiteRunner.runTest(SuiteRunner.java:387)
	at org.testng.SuiteRunner.runSequentially(SuiteRunner.java:382)
	at org.testng.SuiteRunner.privateRun(SuiteRunner.java:340)
	at org.testng.SuiteRunner.run(SuiteRunner.java:289)
	at org.testng.SuiteRunnerWorker.runSuite(SuiteRunnerWorker.java:52)
	at org.testng.SuiteRunnerWorker.run(SuiteRunnerWorker.java:86)
	at org.testng.TestNG.runSuitesSequentially(TestNG.java:1293)
	at org.testng.TestNG.runSuitesLocally(TestNG.java:1218)
	at org.testng.TestNG.runSuites(TestNG.java:1133)
	at org.testng.TestNG.run(TestNG.java:1104)
	at org.testng.remote.AbstractRemoteTestNG.run(AbstractRemoteTestNG.java:132)
	at org.testng.remote.RemoteTestNG.initAndRun(RemoteTestNG.java:230)
	at org.testng.remote.RemoteTestNG.main(RemoteTestNG.java:76)
]]>
            </full-stacktrace>
          </exception> <!-- java.lang.AssertionError -->
          <reporter-output>
          </reporter-output>
        </test-method> <!-- AddQuote_LessThan10Characters -->
        <test-method status="PASS" signature="tearDown_ExtentReport(org.testng.ITestResult)[pri:0, instance:quotespage.AddQuote@5bcab519]" name="tearDown_ExtentReport" is-config="true" duration-ms="700" started-at="2019-06-18T19:22:36Z" finished-at="2019-06-18T19:22:36Z">
          <params>
            <param index="0">
              <value>
                <![CDATA[[TestResult name=AddQuote_LessThan10Characters status=FAILURE method=AddQuote.AddQuote_LessThan10Characters()[pri:1, instance:quotespage.AddQuote@5bcab519] output={null}]]]>
              </value>
            </param>
          </params>
          <reporter-output>
          </reporter-output>
        </test-method> <!-- tearDown_ExtentReport -->
        <test-method status="PASS" signature="initClient_ExtentReport(java.lang.reflect.Method)[pri:0, instance:quotespage.AddQuote@5bcab519]" name="initClient_ExtentReport" is-config="true" duration-ms="0" started-at="2019-06-18T19:22:36Z" finished-at="2019-06-18T19:22:36Z">
          <params>
            <param index="0">
              <value>
                <![CDATA[public void quotespage.AddQuote.AddQuote_checkplagiarism() throws java.lang.InterruptedException]]>
              </value>
            </param>
          </params>
          <reporter-output>
          </reporter-output>
        </test-method> <!-- initClient_ExtentReport -->
        <test-method status="PASS" signature="setUp(java.lang.reflect.Method)[pri:0, instance:quotespage.AddQuote@5bcab519]" name="setUp" is-config="true" duration-ms="192" started-at="2019-06-18T19:22:36Z" finished-at="2019-06-18T19:22:37Z">
          <params>
            <param index="0">
              <value>
                <![CDATA[public void quotespage.AddQuote.AddQuote_checkplagiarism() throws java.lang.InterruptedException]]>
              </value>
            </param>
          </params>
          <reporter-output>
          </reporter-output>
        </test-method> <!-- setUp -->
        <test-method status="FAIL" signature="AddQuote_checkplagiarism()[pri:1, instance:quotespage.AddQuote@5bcab519]" name="AddQuote_checkplagiarism" duration-ms="10720" started-at="2019-06-18T19:22:37Z" finished-at="2019-06-18T19:22:47Z">
          <exception class="java.lang.AssertionError">
            <message>
              <![CDATA[expected [true] but found [false]]]>
            </message>
            <full-stacktrace>
              <![CDATA[java.lang.AssertionError: expected [true] but found [false]
	at org.testng.Assert.fail(Assert.java:94)
	at org.testng.Assert.failNotEquals(Assert.java:513)
	at org.testng.Assert.assertTrue(Assert.java:42)
	at org.testng.Assert.assertTrue(Assert.java:52)
	at quotespage.AddQuote.AddQuote_plagiarism_Negative(AddQuote.java:202)
	at quotespage.AddQuote.AddQuote_checkplagiarism(AddQuote.java:44)
	at sun.reflect.NativeMethodAccessorImpl.invoke0(Native Method)
	at sun.reflect.NativeMethodAccessorImpl.invoke(NativeMethodAccessorImpl.java:62)
	at sun.reflect.DelegatingMethodAccessorImpl.invoke(DelegatingMethodAccessorImpl.java:43)
	at java.lang.reflect.Method.invoke(Method.java:498)
	at org.testng.internal.MethodInvocationHelper.invokeMethod(MethodInvocationHelper.java:104)
	at org.testng.internal.Invoker.invokeMethod(Invoker.java:645)
	at org.testng.internal.Invoker.invokeTestMethod(Invoker.java:851)
	at org.testng.internal.Invoker.invokeTestMethods(Invoker.java:1177)
	at org.testng.internal.TestMethodWorker.invokeTestMethods(TestMethodWorker.java:129)
	at org.testng.internal.TestMethodWorker.run(TestMethodWorker.java:112)
	at org.testng.TestRunner.privateRun(TestRunner.java:756)
	at org.testng.TestRunner.run(TestRunner.java:610)
	at org.testng.SuiteRunner.runTest(SuiteRunner.java:387)
	at org.testng.SuiteRunner.runSequentially(SuiteRunner.java:382)
	at org.testng.SuiteRunner.privateRun(SuiteRunner.java:340)
	at org.testng.SuiteRunner.run(SuiteRunner.java:289)
	at org.testng.SuiteRunnerWorker.runSuite(SuiteRunnerWorker.java:52)
	at org.testng.SuiteRunnerWorker.run(SuiteRunnerWorker.java:86)
	at org.testng.TestNG.runSuitesSequentially(TestNG.java:1293)
	at org.testng.TestNG.runSuitesLocally(TestNG.java:1218)
	at org.testng.TestNG.runSuites(TestNG.java:1133)
	at org.testng.TestNG.run(TestNG.java:1104)
	at org.testng.remote.AbstractRemoteTestNG.run(AbstractRemoteTestNG.java:132)
	at org.testng.remote.RemoteTestNG.initAndRun(RemoteTestNG.java:230)
	at org.testng.remote.RemoteTestNG.main(RemoteTestNG.java:76)
]]>
            </full-stacktrace>
          </exception> <!-- java.lang.AssertionError -->
          <reporter-output>
          </reporter-output>
        </test-method> <!-- AddQuote_checkplagiarism -->
        <test-method status="PASS" signature="tearDown_ExtentReport(org.testng.ITestResult)[pri:0, instance:quotespage.AddQuote@5bcab519]" name="tearDown_ExtentReport" is-config="true" duration-ms="100" started-at="2019-06-18T19:22:47Z" finished-at="2019-06-18T19:22:47Z">
          <params>
            <param index="0">
              <value>
                <![CDATA[[TestResult name=AddQuote_checkplagiarism status=FAILURE method=AddQuote.AddQuote_checkplagiarism()[pri:1, instance:quotespage.AddQuote@5bcab519] output={null}]]]>
              </value>
            </param>
          </params>
          <reporter-output>
          </reporter-output>
        </test-method> <!-- tearDown_ExtentReport -->
        <test-method status="PASS" signature="tearDown()[pri:0, instance:quotespage.AddQuote@5bcab519]" name="tearDown" is-config="true" duration-ms="1159" started-at="2019-06-18T19:22:47Z" finished-at="2019-06-18T19:22:49Z">
          <reporter-output>
          </reporter-output>
        </test-method> <!-- tearDown -->
      </class> <!-- quotespage.AddQuote -->
    </test> <!-- Default test -->
  </suite> <!-- Default suite -->
</testng-results>
